# JRE version: Java(TM) SE Runtime Environment (8.0_201-b09) (build 1.8.0_201-b09)
# Java VM: Java HotSpot(TM) 64-Bit Server VM (25.201-b09 mixed mode windows-amd64 compressed oops)
Heap:
 PSYoungGen      total 70656K, used 25571K [0x00000000d6100000, 0x00000000dab00000, 0x0000000100000000)
  eden space 65536K, 31% used [0x00000000d6100000,0x00000000d756a8d0,0x00000000da100000)
  from space 5120K, 91% used [0x00000000da600000,0x00000000daa8e620,0x00000000dab00000)
  to   space 5120K, 0% used [0x00000000da100000,0x00000000da100000,0x00000000da600000)
 ParOldGen       total 86016K, used 96K [0x0000000082200000, 0x0000000087600000, 0x00000000d6100000)
  object space 86016K, 0% used [0x0000000082200000,0x0000000082218010,0x0000000087600000)
 Metaspace       used 9508K, capacity 9986K, committed 10240K, reserved 1058816K
  class space    used 1040K, capacity 1155K, committed 1280K, reserved 1048576K
GC Heap History (8 events):
Event: 0.882 GC heap before
{Heap before GC invocations=1 (full 0):
 PSYoungGen      total 37888K, used 32768K [0x00000000d6100000, 0x00000000d8b00000, 0x0000000100000000)
  eden space 32768K, 100% used [0x00000000d6100000,0x00000000d8100000,0x00000000d8100000)
  from space 5120K, 0% used [0x00000000d8600000,0x00000000d8600000,0x00000000d8b00000)
  to   space 5120K, 0% used [0x00000000d8100000,0x00000000d8100000,0x00000000d8600000)
 ParOldGen       total 86016K, used 0K [0x0000000082200000, 0x0000000087600000, 0x00000000d6100000)
  object space 86016K, 0% used [0x0000000082200000,0x0000000082200000,0x0000000087600000)
 Metaspace       used 8992K, capacity 9476K, committed 9600K, reserved 1058816K
  class space    used 1039K, capacity 1152K, committed 1152K, reserved 1048576K
Event: 0.891 GC heap after
Heap after GC invocations=1 (full 0):
 PSYoungGen      total 37888K, used 4848K [0x00000000d6100000, 0x00000000d8b00000, 0x0000000100000000)
  eden space 32768K, 0% used [0x00000000d6100000,0x00000000d6100000,0x00000000d8100000)
  from space 5120K, 94% used [0x00000000d8100000,0x00000000d85bc100,0x00000000d8600000)
  to   space 5120K, 0% used [0x00000000d8600000,0x00000000d8600000,0x00000000d8b00000)
 ParOldGen       total 86016K, used 8K [0x0000000082200000, 0x0000000087600000, 0x00000000d6100000)
  object space 86016K, 0% used [0x0000000082200000,0x0000000082202000,0x0000000087600000)
 Metaspace       used 8992K, capacity 9476K, committed 9600K, reserved 1058816K
  class space    used 1039K, capacity 1152K, committed 1152K, reserved 1048576K
}
Event: 1.146 GC heap before
{Heap before GC invocations=2 (full 0):
 PSYoungGen      total 37888K, used 37616K [0x00000000d6100000, 0x00000000d8b00000, 0x0000000100000000)
  eden space 32768K, 100% used [0x00000000d6100000,0x00000000d8100000,0x00000000d8100000)
  from space 5120K, 94% used [0x00000000d8100000,0x00000000d85bc100,0x00000000d8600000)
  to   space 5120K, 0% used [0x00000000d8600000,0x00000000d8600000,0x00000000d8b00000)
 ParOldGen       total 86016K, used 8K [0x0000000082200000, 0x0000000087600000, 0x00000000d6100000)
  object space 86016K, 0% used [0x0000000082200000,0x0000000082202000,0x0000000087600000)
 Metaspace       used 9171K, capacity 9630K, committed 9984K, reserved 1058816K
  class space    used 1040K, capacity 1155K, committed 1280K, reserved 1048576K
Event: 1.150 GC heap after
Heap after GC invocations=2 (full 0):
 PSYoungGen      total 37888K, used 3033K [0x00000000d6100000, 0x00000000dab00000, 0x0000000100000000)
  eden space 32768K, 0% used [0x00000000d6100000,0x00000000d6100000,0x00000000d8100000)
  from space 5120K, 59% used [0x00000000d8600000,0x00000000d88f6660,0x00000000d8b00000)
  to   space 5120K, 0% used [0x00000000d8100000,0x00000000d8100000,0x00000000d8600000)
 ParOldGen       total 86016K, used 88K [0x0000000082200000, 0x0000000087600000, 0x00000000d6100000)
  object space 86016K, 0% used [0x0000000082200000,0x0000000082216010,0x0000000087600000)
 Metaspace       used 9171K, capacity 9630K, committed 9984K, reserved 1058816K
  class space    used 1040K, capacity 1155K, committed 1280K, reserved 1048576K
}
Event: 1.401 GC heap before
{Heap before GC invocations=3 (full 0):
 PSYoungGen      total 37888K, used 35801K [0x00000000d6100000, 0x00000000dab00000, 0x0000000100000000)
  eden space 32768K, 100% used [0x00000000d6100000,0x00000000d8100000,0x00000000d8100000)
  from space 5120K, 59% used [0x00000000d8600000,0x00000000d88f6660,0x00000000d8b00000)
  to   space 5120K, 0% used [0x00000000d8100000,0x00000000d8100000,0x00000000d8600000)
 ParOldGen       total 86016K, used 88K [0x0000000082200000, 0x0000000087600000, 0x00000000d6100000)
  object space 86016K, 0% used [0x0000000082200000,0x0000000082216010,0x0000000087600000)
 Metaspace       used 9307K, capacity 9766K, committed 9984K, reserved 1058816K
  class space    used 1040K, capacity 1155K, committed 1280K, reserved 1048576K
Event: 1.404 GC heap after
Heap after GC invocations=3 (full 0):
 PSYoungGen      total 37888K, used 3849K [0x00000000d6100000, 0x00000000dab00000, 0x0000000100000000)
  eden space 32768K, 0% used [0x00000000d6100000,0x00000000d6100000,0x00000000d8100000)
  from space 5120K, 75% used [0x00000000d8100000,0x00000000d84c2650,0x00000000d8600000)
  to   space 5120K, 0% used [0x00000000da600000,0x00000000da600000,0x00000000dab00000)
 ParOldGen       total 86016K, used 96K [0x0000000082200000, 0x0000000087600000, 0x00000000d6100000)
  object space 86016K, 0% used [0x0000000082200000,0x0000000082218010,0x0000000087600000)
 Metaspace       used 9307K, capacity 9766K, committed 9984K, reserved 1058816K
  class space    used 1040K, capacity 1155K, committed 1280K, reserved 1048576K
}
Event: 1.601 GC heap before
{Heap before GC invocations=4 (full 0):
 PSYoungGen      total 37888K, used 36617K [0x00000000d6100000, 0x00000000dab00000, 0x0000000100000000)
  eden space 32768K, 100% used [0x00000000d6100000,0x00000000d8100000,0x00000000d8100000)
  from space 5120K, 75% used [0x00000000d8100000,0x00000000d84c2650,0x00000000d8600000)
  to   space 5120K, 0% used [0x00000000da600000,0x00000000da600000,0x00000000dab00000)
 ParOldGen       total 86016K, used 96K [0x0000000082200000, 0x0000000087600000, 0x00000000d6100000)
  object space 86016K, 0% used [0x0000000082200000,0x0000000082218010,0x0000000087600000)
 Metaspace       used 9416K, capacity 9898K, committed 10240K, reserved 1058816K
  class space    used 1040K, capacity 1155K, committed 1280K, reserved 1048576K
Event: 1.607 GC heap after
Heap after GC invocations=4 (full 0):
 PSYoungGen      total 70656K, used 4665K [0x00000000d6100000, 0x00000000dab00000, 0x0000000100000000)
  eden space 65536K, 0% used [0x00000000d6100000,0x00000000d6100000,0x00000000da100000)
  from space 5120K, 91% used [0x00000000da600000,0x00000000daa8e620,0x00000000dab00000)
  to   space 5120K, 0% used [0x00000000da100000,0x00000000da100000,0x00000000da600000)
 ParOldGen       total 86016K, used 96K [0x0000000082200000, 0x0000000087600000, 0x00000000d6100000)
  object space 86016K, 0% used [0x0000000082200000,0x0000000082218010,0x0000000087600000)
 Metaspace       used 9416K, capacity 9898K, committed 10240K, reserved 1058816K
  class space    used 1040K, capacity 1155K, committed 1280K, reserved 1048576K
}

